<?xml version="1.0" encoding="UTF-8"?>
<!-- Generated by org.testng.reporters.JUnitXMLReporter -->
<testsuite hostname="LAPTOP-UFBE1U4J" ignored="0" name="Default test" tests="7" failures="0" timestamp="2022-09-28T23:33:24 IST" time="44.896" errors="0">
  <testcase name="verifyMovieCountry" time="0.037" classname="Test.VerifyTest"/>
  <testcase name="browserIniImdb" time="21.073" classname="Test.VerifyTest"/>
  <testcase name="IMDB" time="5.862" classname="Test.VerifyTest"/>
  <testcase name="browserIniWiki" time="15.215" classname="Test.VerifyTest"/>
  <testcase name="Wiki" time="1.916" classname="Test.VerifyTest"/>
  <testcase name="verifyReleaseDate" time="0.001" classname="Test.VerifyTest"/>
  <testcase name="browserClose" time="0.735" classname="Test.VerifyTest"/>
</testsuite> <!-- Default test -->
